<?xml version="1.0" encoding="UTF-8"?>
<testsuite xmlns:xsi="http://www.w3.org/2001/XMLSchema-instance" xsi:noNamespaceSchemaLocation="https://maven.apache.org/surefire/maven-surefire-plugin/xsd/surefire-test-report-3.0.xsd" version="3.0" name="com.web.smartschool.SmartschoolApplicationTests" time="24.575" tests="1" errors="0" skipped="0" failures="0">
  <properties>
[...]
</properties>
  <testcase name="contextLoads" classname="com.web.smartschool.SmartschoolApplicationTests" time="3.122">
    <system-out><![CDATA[22:25:32,642 |-INFO in ch.qos.logback.classic.LoggerContext[default] - This is logback-classic version 1.4.8
22:25:32,686 |-INFO in ch.qos.logback.classic.LoggerContext[default] - Could NOT find resource [logback-test.xml]
22:25:32,693 |-INFO in ch.qos.logback.classic.LoggerContext[default] - Found resource [logback.xml] at [file:/F:/Projects/smartschool/target/classes/logback.xml]
22:25:32,902 |-INFO in ch.qos.logback.core.model.processor.AppenderModelHandler - Processing appender named [Console]
22:25:32,902 |-INFO in ch.qos.logback.core.model.processor.AppenderModelHandler - About to instantiate appender of type [ch.qos.logback.core.ConsoleAppender]
22:25:32,980 |-WARN in ch.qos.logback.core.ConsoleAppender[Console] - This appender no longer admits a layout as a sub-component, set an encoder instead.
22:25:32,980 |-WARN in ch.qos.logback.core.ConsoleAppender[Console] - To ensure compatibility, wrapping your layout in LayoutWrappingEncoder.
22:25:32,980 |-WARN in ch.qos.logback.core.ConsoleAppender[Console] - See also http://logback.qos.ch/codes.html#layoutInsteadOfEncoder for details
22:25:32,981 |-INFO in ch.qos.logback.core.model.processor.AppenderModelHandler - Processing appender named [RollingFile]
22:25:32,981 |-INFO in ch.qos.logback.core.model.processor.AppenderModelHandler - About to instantiate appender of type [ch.qos.logback.core.rolling.RollingFileAppender]
22:25:33,008 |-INFO in c.q.l.core.rolling.TimeBasedRollingPolicy@706895319 - No compression will be used
22:25:33,010 |-INFO in c.q.l.core.rolling.TimeBasedRollingPolicy@706895319 - Will use the pattern C://logs/archived/spring-boot-logger-%d{yyyy-MM-dd}.%i.log for the active file
22:25:33,015 |-INFO in ch.qos.logback.core.rolling.SizeAndTimeBasedFNATP@61eaec38 - The date pattern is 'yyyy-MM-dd' from file name pattern 'C://logs/archived/spring-boot-logger-%d{yyyy-MM-dd}.%i.log'.
22:25:33,015 |-INFO in ch.qos.logback.core.rolling.SizeAndTimeBasedFNATP@61eaec38 - Roll-over at midnight.
22:25:33,016 |-INFO in ch.qos.logback.core.rolling.SizeAndTimeBasedFNATP@61eaec38 - Setting initial period to 2023-07-19T16:54:29.496Z
22:25:33,017 |-WARN in ch.qos.logback.core.rolling.SizeAndTimeBasedFNATP@61eaec38 - SizeAndTimeBasedFNATP is deprecated. Use SizeAndTimeBasedRollingPolicy instead
22:25:33,017 |-WARN in ch.qos.logback.core.rolling.SizeAndTimeBasedFNATP@61eaec38 - For more information see http://logback.qos.ch/manual/appenders.html#SizeAndTimeBasedRollingPolicy
22:25:33,026 |-INFO in ch.qos.logback.core.rolling.RollingFileAppender[RollingFile] - Active log file name: C://logs/spring-boot-logger.log
22:25:33,027 |-INFO in ch.qos.logback.core.rolling.RollingFileAppender[RollingFile] - File property is set to [C://logs/spring-boot-logger.log]
22:25:33,029 |-INFO in ch.qos.logback.classic.model.processor.RootLoggerModelHandler - Setting level of ROOT logger to INFO
22:25:33,030 |-INFO in ch.qos.logback.core.model.processor.AppenderRefModelHandler - Attaching appender named [RollingFile] to Logger[ROOT]
22:25:33,030 |-INFO in ch.qos.logback.core.model.processor.AppenderRefModelHandler - Attaching appender named [Console] to Logger[ROOT]
22:25:33,031 |-INFO in ch.qos.logback.classic.model.processor.LoggerModelHandler - Setting level of logger [com.web.smartschool.smartschool] to ERROR
22:25:33,035 |-INFO in ch.qos.logback.classic.model.processor.LoggerModelHandler - Setting additivity of logger [com.web.smartschool.smartschool] to false
22:25:33,035 |-INFO in ch.qos.logback.core.model.processor.AppenderRefModelHandler - Attaching appender named [RollingFile] to Logger[com.web.smartschool.smartschool]
22:25:33,035 |-INFO in ch.qos.logback.core.model.processor.AppenderRefModelHandler - Attaching appender named [Console] to Logger[com.web.smartschool.smartschool]
22:25:33,035 |-INFO in ch.qos.logback.core.model.processor.DefaultProcessor@125290e5 - End of configuration.
22:25:33,037 |-INFO in ch.qos.logback.classic.joran.JoranConfigurator@6fa34d52 - Registering current configuration as safe fallback point

&amp#27;[30m2023-07-19 22:25:33,232&amp#27;[0;39m &amp#27;[34mINFO &amp#27;[0;39m [&amp#27;[34mmain&amp#27;[0;39m] &amp#27;[33mo.s.t.c.s.AnnotationConfigContextLoaderUtils&amp#27;[0;39m: Could not detect default configuration classes for test class [com.web.smartschool.SmartschoolApplicationTests]: SmartschoolApplicationTests does not declare any static, non-private, non-final, nested classes annotated with @Configuration.
&amp#27;[30m2023-07-19 22:25:33,596&amp#27;[0;39m &amp#27;[34mINFO &amp#27;[0;39m [&amp#27;[34mmain&amp#27;[0;39m] &amp#27;[33mo.s.b.t.c.SpringBootTestContextBootstrapper&amp#27;[0;39m: Found @SpringBootConfiguration com.web.smartschool.SmartschoolApplication for test class com.web.smartschool.SmartschoolApplicationTests
22:25:34,495 |-INFO in ch.qos.logback.core.model.processor.AppenderModelHandler - Processing appender named [Console]
22:25:34,495 |-INFO in ch.qos.logback.core.model.processor.AppenderModelHandler - About to instantiate appender of type [ch.qos.logback.core.ConsoleAppender]
22:25:34,496 |-WARN in ch.qos.logback.core.ConsoleAppender[Console] - This appender no longer admits a layout as a sub-component, set an encoder instead.
22:25:34,496 |-WARN in ch.qos.logback.core.ConsoleAppender[Console] - To ensure compatibility, wrapping your layout in LayoutWrappingEncoder.
22:25:34,496 |-WARN in ch.qos.logback.core.ConsoleAppender[Console] - See also http://logback.qos.ch/codes.html#layoutInsteadOfEncoder for details
22:25:34,496 |-INFO in ch.qos.logback.core.model.processor.AppenderModelHandler - Processing appender named [RollingFile]
22:25:34,496 |-INFO in ch.qos.logback.core.model.processor.AppenderModelHandler - About to instantiate appender of type [ch.qos.logback.core.rolling.RollingFileAppender]
22:25:34,499 |-INFO in c.q.l.core.rolling.TimeBasedRollingPolicy@1795468466 - No compression will be used
22:25:34,499 |-INFO in c.q.l.core.rolling.TimeBasedRollingPolicy@1795468466 - Will use the pattern C://logs/archived/spring-boot-logger-%d{yyyy-MM-dd}.%i.log for the active file
22:25:34,501 |-INFO in ch.qos.logback.core.rolling.SizeAndTimeBasedFNATP@18388a3c - The date pattern is 'yyyy-MM-dd' from file name pattern 'C://logs/archived/spring-boot-logger-%d{yyyy-MM-dd}.%i.log'.
22:25:34,501 |-INFO in ch.qos.logback.core.rolling.SizeAndTimeBasedFNATP@18388a3c - Roll-over at midnight.
22:25:34,503 |-INFO in ch.qos.logback.core.rolling.SizeAndTimeBasedFNATP@18388a3c - Setting initial period to 2023-07-19T16:55:33.597Z
22:25:34,504 |-WARN in ch.qos.logback.core.rolling.SizeAndTimeBasedFNATP@18388a3c - SizeAndTimeBasedFNATP is deprecated. Use SizeAndTimeBasedRollingPolicy instead
22:25:34,504 |-WARN in ch.qos.logback.core.rolling.SizeAndTimeBasedFNATP@18388a3c - For more information see http://logback.qos.ch/manual/appenders.html#SizeAndTimeBasedRollingPolicy
22:25:34,505 |-INFO in ch.qos.logback.core.rolling.RollingFileAppender[RollingFile] - Active log file name: C://logs/spring-boot-logger.log
22:25:34,505 |-INFO in ch.qos.logback.core.rolling.RollingFileAppender[RollingFile] - File property is set to [C://logs/spring-boot-logger.log]
22:25:34,506 |-INFO in ch.qos.logback.classic.model.processor.RootLoggerModelHandler - Setting level of ROOT logger to INFO
22:25:34,506 |-INFO in ch.qos.logback.classic.jul.LevelChangePropagator@1d035be3 - Propagating INFO level on Logger[ROOT] onto the JUL framework
22:25:34,507 |-INFO in ch.qos.logback.core.model.processor.AppenderRefModelHandler - Attaching appender named [RollingFile] to Logger[ROOT]
22:25:34,507 |-INFO in ch.qos.logback.core.model.processor.AppenderRefModelHandler - Attaching appender named [Console] to Logger[ROOT]
22:25:34,508 |-INFO in ch.qos.logback.classic.model.processor.LoggerModelHandler - Setting level of logger [com.web.smartschool.smartschool] to ERROR
22:25:34,508 |-INFO in ch.qos.logback.classic.jul.LevelChangePropagator@1d035be3 - Propagating ERROR level on Logger[com.web.smartschool.smartschool] onto the JUL framework
22:25:34,508 |-INFO in ch.qos.logback.classic.model.processor.LoggerModelHandler - Setting additivity of logger [com.web.smartschool.smartschool] to false
22:25:34,508 |-INFO in ch.qos.logback.core.model.processor.AppenderRefModelHandler - Attaching appender named [RollingFile] to Logger[com.web.smartschool.smartschool]
22:25:34,508 |-INFO in ch.qos.logback.core.model.processor.AppenderRefModelHandler - Attaching appender named [Console] to Logger[com.web.smartschool.smartschool]
22:25:34,508 |-INFO in ch.qos.logback.core.model.processor.DefaultProcessor@4a60ee36 - End of configuration.
22:25:34,508 |-INFO in org.springframework.boot.logging.logback.SpringBootJoranConfigurator@4cfbaf4 - Registering current configuration as safe fallback point


  .   ____          _            __ _ _
 /\\ / ___'_ __ _ _(_)_ __  __ _ \ \ \ \
( ( )\___ | '_ | '_| | '_ \/ _` | \ \ \ \
 \\/  ___)| |_)| | | | | || (_| |  ) ) ) )
  '  |____| .__|_| |_|_| |_\__, | / / / /
 =========|_|==============|___/=/_/_/_/
&amp#27;[32m :: Spring Boot :: &amp#27;[39m              &amp#27;[2m (v3.1.1)&amp#27;[0;39m

]]></system-out>
  </testcase>
</testsuite>